[2026-06-18 09:42:49.372 INFO] (Camera): Camera opened: DEV_1AB22C0707F3 - 1800 U-1242c
[2026-06-18 09:42:49.453 INFO] (Camera): Set ExposureAuto -> Off
[2026-06-18 09:42:49.457 INFO] (Camera): Set GainAuto -> Off
[2026-06-18 09:42:49.460 INFO] (Camera): Set BalanceWhiteAuto -> Off
[2026-06-18 09:42:49.461 INFO] (Camera): Set Gamma -> 1.0
[2026-06-18 09:42:49.463 INFO] (Camera): Set Hue -> 0.0
[2026-06-18 09:42:49.465 INFO] (Camera): Set Saturation -> 1.0
[2026-06-18 09:42:49.466 INFO] (Camera): Set Sharpness -> 0.0
[2026-06-18 09:42:49.466 INFO] (Camera): Set SensorShutterMode -> GlobalShutter
[2026-06-18 09:42:49.467 INFO] (Camera): Set ExposureTime -> 1000
[2026-06-18 09:42:49.469 INFO] (Camera): Set Gain -> 20
[2026-06-18 09:42:49.478 INFO] (Camera): Set OffsetX -> 0
[2026-06-18 09:42:49.485 INFO] (Camera): Set OffsetY -> 0
[2026-06-18 09:42:49.495 INFO] (Camera): Set Width -> 4128
[2026-06-18 09:42:49.502 INFO] (Camera): Set Height -> 3008
[2026-06-18 09:42:49.511 INFO] (Camera): Set BinningHorizontal -> 1
[2026-06-18 09:42:49.519 INFO] (Camera): Set BinningVertical -> 1
[2026-06-18 09:42:49.527 INFO] (Camera): Set ReverseX -> False
[2026-06-18 09:42:49.534 INFO] (Camera): Set ReverseY -> False
[2026-06-18 09:42:50.068 INFO] (Camera): Set PixelFormat -> BayerRG8
[2026-06-18 09:42:50.074 INFO] (Camera): Set SensorBitDepth -> Bpp12
[2026-06-18 09:42:50.081 INFO] (Camera): Set AdaptiveNoiseSuppressionFactor -> 1.0
[2026-06-18 09:42:50.081 INFO] (Camera): Set AcquisitionFrameRateEnable -> False
[2026-06-18 09:42:50.097 ERROR] (Camera): Failed to set feature AcquisitionFrameRate to 5: Invalid access while calling 'set()' of Feature 'AcquisitionFrameRate'. Read access: allowed. Write access: not allowed. 
[2026-06-18 09:42:50.145 INFO] (Camera): Continuous streaming started.
[2026-06-18 09:44:50.226 INFO] (Camera): Continuous streaming stopped.
[2026-06-18 09:44:50.237 INFO] (Camera): Streaming stats: 1840 frames
[2026-06-18 09:44:50.237 INFO] (Camera): fps            = 15.33±0.08
[2026-06-18 09:44:50.237 INFO] (Camera): median fps     = 15.33
[2026-06-18 09:44:50.237 INFO] (Camera): writes         = 1840
[2026-06-18 09:44:50.237 INFO] (Camera): mean_write     = 11.3 ms
[2026-06-18 09:44:50.237 INFO] (Camera): median_write   = 11.7 ms
[2026-06-18 09:44:50.237 INFO] (Camera): queue_overflow = 0.0%
