[2026-06-17 17:05:08.865 INFO] (Camera): Camera opened: DEV_1AB22C0707F3 - 1800 U-1242c
[2026-06-17 17:05:08.945 INFO] (Camera): Set ExposureAuto -> Off
[2026-06-17 17:05:08.946 INFO] (Camera): Set GainAuto -> Off
[2026-06-17 17:05:08.946 INFO] (Camera): Set BalanceWhiteAuto -> Off
[2026-06-17 17:05:08.947 INFO] (Camera): Set Gamma -> 1.0
[2026-06-17 17:05:08.970 ERROR] (Camera): Failed to set feature Hue to 0.0: Invalid access while calling 'set()' of Feature 'Hue'. Read access: allowed. Write access: not allowed. 
[2026-06-17 17:05:08.971 ERROR] (Camera): Failed to set feature Saturation to 1.0: Invalid access while calling 'set()' of Feature 'Saturation'. Read access: allowed. Write access: not allowed. 
[2026-06-17 17:05:08.974 INFO] (Camera): Set Sharpness -> 0.0
[2026-06-17 17:05:08.975 INFO] (Camera): Set SensorShutterMode -> GlobalShutter
[2026-06-17 17:05:08.976 INFO] (Camera): Set ExposureTime -> 1000
[2026-06-17 17:05:08.977 INFO] (Camera): Set Gain -> 20
[2026-06-17 17:05:08.983 INFO] (Camera): Set OffsetX -> 0
[2026-06-17 17:05:08.988 INFO] (Camera): Set OffsetY -> 0
[2026-06-17 17:05:08.995 INFO] (Camera): Set Width -> 4128
[2026-06-17 17:05:09.001 INFO] (Camera): Set Height -> 3008
[2026-06-17 17:05:09.007 INFO] (Camera): Set BinningHorizontal -> 1
[2026-06-17 17:05:09.013 INFO] (Camera): Set BinningVertical -> 1
[2026-06-17 17:05:09.019 INFO] (Camera): Set ReverseX -> False
[2026-06-17 17:05:09.025 INFO] (Camera): Set ReverseY -> False
[2026-06-17 17:05:09.042 INFO] (Camera): Set PixelFormat -> BayerRG12
[2026-06-17 17:05:09.048 INFO] (Camera): Set SensorBitDepth -> Bpp12
[2026-06-17 17:05:09.049 INFO] (Camera): Set AdaptiveNoiseSuppressionFactor -> 1.0
[2026-06-17 17:05:09.050 INFO] (Camera): Set AcquisitionFrameRateEnable -> False
[2026-06-17 17:05:09.051 ERROR] (Camera): Failed to set feature AcquisitionFrameRate to 5: Invalid access while calling 'set()' of Feature 'AcquisitionFrameRate'. Read access: allowed. Write access: not allowed. 
[2026-06-17 17:05:09.137 INFO] (Camera): Continuous streaming started.
[2026-06-17 17:07:09.294 INFO] (Camera): Continuous streaming stopped.
[2026-06-17 17:10:29.693 INFO] (Camera): Streaming stats: 923 frames
[2026-06-17 17:10:29.694 INFO] (Camera): fps            = 7.68±0.04
[2026-06-17 17:10:29.694 INFO] (Camera): median fps     = 7.68
[2026-06-17 17:10:29.694 INFO] (Camera): writes         = 923
[2026-06-17 17:10:29.694 INFO] (Camera): mean_write     = 347.1 ms
[2026-06-17 17:10:29.694 INFO] (Camera): median_write   = 345.0 ms
[2026-06-17 17:10:29.694 INFO] (Camera): queue_overflow = 99.8%
