[2026-06-17 17:34:23.233 INFO] (Camera): Camera opened: DEV_1AB22C0707F3 - 1800 U-1242c
[2026-06-17 17:34:23.318 INFO] (Camera): Set ExposureAuto -> Off
[2026-06-17 17:34:23.318 INFO] (Camera): Set GainAuto -> Off
[2026-06-17 17:34:23.319 INFO] (Camera): Set BalanceWhiteAuto -> Off
[2026-06-17 17:34:23.321 INFO] (Camera): Set Gamma -> 1.0
[2026-06-17 17:34:23.345 ERROR] (Camera): Failed to set feature Hue to 0.0: Invalid access while calling 'set()' of Feature 'Hue'. Read access: allowed. Write access: not allowed. 
[2026-06-17 17:34:23.346 ERROR] (Camera): Failed to set feature Saturation to 1.0: Invalid access while calling 'set()' of Feature 'Saturation'. Read access: allowed. Write access: not allowed. 
[2026-06-17 17:34:23.349 INFO] (Camera): Set Sharpness -> 0.0
[2026-06-17 17:34:23.349 INFO] (Camera): Set SensorShutterMode -> GlobalShutter
[2026-06-17 17:34:23.351 INFO] (Camera): Set ExposureTime -> 1000
[2026-06-17 17:34:23.352 INFO] (Camera): Set Gain -> 20
[2026-06-17 17:34:23.358 INFO] (Camera): Set OffsetX -> 0
[2026-06-17 17:34:23.364 INFO] (Camera): Set OffsetY -> 0
[2026-06-17 17:34:23.371 INFO] (Camera): Set Width -> 4128
[2026-06-17 17:34:23.378 INFO] (Camera): Set Height -> 3008
[2026-06-17 17:34:23.385 INFO] (Camera): Set BinningHorizontal -> 1
[2026-06-17 17:34:23.391 INFO] (Camera): Set BinningVertical -> 1
[2026-06-17 17:34:23.397 INFO] (Camera): Set ReverseX -> False
[2026-06-17 17:34:23.403 INFO] (Camera): Set ReverseY -> False
[2026-06-17 17:34:23.419 INFO] (Camera): Set PixelFormat -> BayerRG8
[2026-06-17 17:34:23.424 INFO] (Camera): Set SensorBitDepth -> Bpp12
[2026-06-17 17:34:23.426 INFO] (Camera): Set AdaptiveNoiseSuppressionFactor -> 1.0
[2026-06-17 17:34:23.427 INFO] (Camera): Set AcquisitionFrameRateEnable -> False
[2026-06-17 17:34:23.430 ERROR] (Camera): Failed to set feature AcquisitionFrameRate to 5: Invalid access while calling 'set()' of Feature 'AcquisitionFrameRate'. Read access: allowed. Write access: not allowed. 
[2026-06-17 17:34:23.476 INFO] (Camera): Continuous streaming started.
[2026-06-17 17:36:23.558 INFO] (Camera): Continuous streaming stopped.
[2026-06-17 17:36:46.250 INFO] (Camera): Streaming stats: 1840 frames
[2026-06-17 17:36:46.253 INFO] (Camera): fps            = 15.36±0.67
[2026-06-17 17:36:46.253 INFO] (Camera): median fps     = 15.33
[2026-06-17 17:36:46.254 INFO] (Camera): writes         = 1840
[2026-06-17 17:36:46.254 INFO] (Camera): mean_write     = 304.8 ms
[2026-06-17 17:36:46.254 INFO] (Camera): median_write   = 303.5 ms
[2026-06-17 17:36:46.254 INFO] (Camera): queue_overflow = 0.0%
