[2026-06-17 14:15:07.892 INFO] (Camera): Camera opened: DEV_1AB22C0707F3 - 1800 U-1242c
[2026-06-17 14:15:08.066 INFO] (Camera): Set ExposureAuto -> Off
[2026-06-17 14:15:08.068 INFO] (Camera): Set GainAuto -> Off
[2026-06-17 14:15:08.070 INFO] (Camera): Set BalanceWhiteAuto -> Off
[2026-06-17 14:15:08.073 INFO] (Camera): Set Gamma -> 1.0
[2026-06-17 14:15:08.110 ERROR] (Camera): Failed to set feature Hue to 0.0: Invalid access while calling 'set()' of Feature 'Hue'. Read access: allowed. Write access: not allowed. 
[2026-06-17 14:15:08.113 ERROR] (Camera): Failed to set feature Saturation to 1.0: Invalid access while calling 'set()' of Feature 'Saturation'. Read access: allowed. Write access: not allowed. 
[2026-06-17 14:15:08.115 INFO] (Camera): Set Sharpness -> 0.0
[2026-06-17 14:15:08.117 INFO] (Camera): Set SensorShutterMode -> GlobalShutter
[2026-06-17 14:15:08.119 INFO] (Camera): Set ExposureTime -> 1000
[2026-06-17 14:15:08.122 INFO] (Camera): Set Gain -> 20
[2026-06-17 14:15:08.132 INFO] (Camera): Set OffsetX -> 0
[2026-06-17 14:15:08.140 INFO] (Camera): Set OffsetY -> 0
[2026-06-17 14:15:08.148 INFO] (Camera): Set Width -> 4128
[2026-06-17 14:15:08.156 INFO] (Camera): Set Height -> 3008
[2026-06-17 14:15:08.164 INFO] (Camera): Set BinningHorizontal -> 1
[2026-06-17 14:15:08.173 INFO] (Camera): Set BinningVertical -> 1
[2026-06-17 14:15:08.181 INFO] (Camera): Set ReverseX -> False
[2026-06-17 14:15:08.189 INFO] (Camera): Set ReverseY -> False
[2026-06-17 14:15:08.206 INFO] (Camera): Set PixelFormat -> BayerRG8
[2026-06-17 14:15:08.213 INFO] (Camera): Set SensorBitDepth -> Bpp12
[2026-06-17 14:15:08.217 INFO] (Camera): Set AdaptiveNoiseSuppressionFactor -> 1.0
[2026-06-17 14:15:08.219 INFO] (Camera): Set AcquisitionFrameRateEnable -> False
[2026-06-17 14:15:08.224 ERROR] (Camera): Failed to set feature AcquisitionFrameRate to 5: Invalid access while calling 'set()' of Feature 'AcquisitionFrameRate'. Read access: allowed. Write access: not allowed. 
[2026-06-17 14:15:08.396 INFO] (Camera): Continuous streaming started.
[2026-06-17 14:17:08.483 INFO] (Camera): Continuous streaming stopped.
[2026-06-17 14:28:41.840 INFO] (Camera): Streaming stats: 1840 frames
[2026-06-17 14:28:42.321 INFO] (Camera): fps            = 15.33±0.13
[2026-06-17 14:28:42.324 INFO] (Camera): median fps     = 15.33
[2026-06-17 14:28:42.325 INFO] (Camera): writes         = 1840
[2026-06-17 14:28:42.325 INFO] (Camera): mean_write     = 442.0 ms
[2026-06-17 14:28:42.325 INFO] (Camera): median_write   = 379.6 ms
[2026-06-17 14:28:42.325 INFO] (Camera): queue_overflow = 99.9%
